<?xml version="1.0" encoding="UTF-8"?>
<!-- Generated by org.testng.reporters.JUnitXMLReporter -->
<testsuite ignored="0" hostname="DELL" failures="0" tests="4" name="Default test" time="115.261" errors="0" timestamp="2025-02-08T21:35:46 IST">
  <testcase classname="api.test.GoogleMapsTests" name="testAddPlace" time="23.384"/>
  <testcase classname="api.test.GoogleMapsTests" name="testGetPlace" time="22.547"/>
  <testcase classname="api.test.GoogleMapsTests" name="testUpdatePlace" time="45.91"/>
  <testcase classname="api.test.GoogleMapsTests" name="testDeletePlace" time="23.148"/>
</testsuite> <!-- Default test -->
