<?xml version="1.0" encoding="UTF-8"?>
<!-- Generated by org.testng.reporters.JUnitXMLReporter -->
<testsuite ignored="0" hostname="DELL" failures="0" tests="4" name="Test" time="115.578" errors="0" timestamp="2025-02-08T21:25:43 IST">
  <testcase classname="api.test.GoogleMapsTests" name="testAddPlace" time="23.219"/>
  <testcase classname="api.test.GoogleMapsTests" name="testGetPlace" time="22.486"/>
  <testcase classname="api.test.GoogleMapsTests" name="testUpdatePlace" time="46.411"/>
  <testcase classname="api.test.GoogleMapsTests" name="testDeletePlace" time="23.219"/>
</testsuite> <!-- Test -->
