<?xml version="1.0" encoding="UTF-8"?>
<!-- Generated by org.testng.reporters.JUnitXMLReporter -->
<testsuite ignored="0" hostname="DELL" failures="0" tests="4" name="Test" time="115.798" errors="0" timestamp="2025-02-08T21:29:50 IST">
  <testcase classname="api.test.GoogleMapsTests" name="testAddPlace" time="23.706"/>
  <testcase classname="api.test.GoogleMapsTests" name="testGetPlace" time="22.693"/>
  <testcase classname="api.test.GoogleMapsTests" name="testUpdatePlace" time="46.102"/>
  <testcase classname="api.test.GoogleMapsTests" name="testDeletePlace" time="23.008"/>
</testsuite> <!-- Test -->
