<?xml version="1.0" encoding="UTF-8"?>
<testng-results ignored="0" total="4" passed="4" failed="0" skipped="0">
  <reporter-output>
  </reporter-output>
  <suite started-at="2025-02-08T21:27:54 IST" name="Suite" finished-at="2025-02-08T21:29:50 IST" duration-ms="115798">
    <groups>
    </groups>
    <test started-at="2025-02-08T21:27:54 IST" name="Test" finished-at="2025-02-08T21:29:50 IST" duration-ms="115798">
      <class name="api.test.GoogleMapsTests">
        <test-method is-config="true" signature="setupTestData()[pri:0, instance:api.test.GoogleMapsTests@60d1a32f]" started-at="2025-02-08T21:27:54 IST" name="setupTestData" finished-at="2025-02-08T21:27:55 IST" duration-ms="212" status="PASS">
          <reporter-output>
          </reporter-output>
        </test-method> <!-- setupTestData -->
        <test-method signature="testAddPlace()[pri:1, instance:api.test.GoogleMapsTests@60d1a32f]" started-at="2025-02-08T21:27:55 IST" name="testAddPlace" finished-at="2025-02-08T21:28:18 IST" duration-ms="23706" status="PASS">
          <reporter-output>
          </reporter-output>
        </test-method> <!-- testAddPlace -->
        <test-method signature="testGetPlace()[pri:2, instance:api.test.GoogleMapsTests@60d1a32f]" started-at="2025-02-08T21:28:18 IST" name="testGetPlace" finished-at="2025-02-08T21:28:41 IST" depends-on-methods="api.test.GoogleMapsTests.testAddPlace" duration-ms="22693" status="PASS">
          <reporter-output>
          </reporter-output>
        </test-method> <!-- testGetPlace -->
        <test-method signature="testUpdatePlace()[pri:3, instance:api.test.GoogleMapsTests@60d1a32f]" started-at="2025-02-08T21:28:41 IST" name="testUpdatePlace" finished-at="2025-02-08T21:29:27 IST" depends-on-methods="api.test.GoogleMapsTests.testGetPlace" duration-ms="46102" status="PASS">
          <reporter-output>
          </reporter-output>
        </test-method> <!-- testUpdatePlace -->
        <test-method signature="testDeletePlace()[pri:4, instance:api.test.GoogleMapsTests@60d1a32f]" started-at="2025-02-08T21:29:27 IST" name="testDeletePlace" finished-at="2025-02-08T21:29:50 IST" depends-on-methods="api.test.GoogleMapsTests.testUpdatePlace" duration-ms="23008" status="PASS">
          <reporter-output>
          </reporter-output>
        </test-method> <!-- testDeletePlace -->
      </class> <!-- api.test.GoogleMapsTests -->
    </test> <!-- Test -->
  </suite> <!-- Suite -->
</testng-results>
