<?xml version="1.0" encoding="UTF-8"?>
<testsuite xmlns:xsi="http://www.w3.org/2001/XMLSchema-instance" xsi:noNamespaceSchemaLocation="https://maven.apache.org/surefire/maven-surefire-plugin/xsd/surefire-test-report.xsd" version="3.0.2" name="TestSuite" time="116.926" tests="4" errors="0" skipped="0" failures="0">
  <properties>
[...]
</properties>
  <testcase name="testAddPlace" classname="api.test.GoogleMapsTests" time="23.708">
    <system-out><![CDATA[{
    "status": "OK",
    "place_id": "c217027a124d53fc21d2dda18193a222",
    "scope": "APP",
    "reference": "0a27e8346bbf791ad05003702b87184f0a27e8346bbf791ad05003702b87184f",
    "id": "0a27e8346bbf791ad05003702b87184f"
}
Place ID created: c217027a124d53fc21d2dda18193a222
]]></system-out>
  </testcase>
  <testcase name="testGetPlace" classname="api.test.GoogleMapsTests" time="22.696">
    <system-out><![CDATA[{
    "location": {
        "latitude": "-41.955514",
        "longitude": "162.51684"
    },
    "accuracy": "22",
    "name": "0788 Armando Port",
    "phone_number": "703.847.9305",
    "address": "1658 Gilma Stravenue, West Haroldborough, NV 01502-9881",
    "types": "PVR",
    "website": "www.lyndsay-borer.biz",
    "language": "English"
}
]]></system-out>
  </testcase>
  <testcase name="testUpdatePlace" classname="api.test.GoogleMapsTests" time="46.102">
    <system-out><![CDATA[{
    "msg": "Address successfully updated"
}
{
    "location": {
        "latitude": "-41.955514",
        "longitude": "162.51684"
    },
    "accuracy": "22",
    "name": "0788 Armando Port",
    "phone_number": "703.847.9305",
    "address": "921 Cassin Knoll, Micahstad, OK 44147-8205",
    "types": "PVR",
    "website": "www.lyndsay-borer.biz",
    "language": "English"
}
]]></system-out>
  </testcase>
  <testcase name="testDeletePlace" classname="api.test.GoogleMapsTests" time="23.01">
    <system-out><![CDATA[{
    "status": "OK"
}
]]></system-out>
  </testcase>
</testsuite>