<?xml version="1.0" encoding="UTF-8"?>
<testng-results ignored="0" total="4" passed="4" failed="0" skipped="0">
  <reporter-output>
  </reporter-output>
  <suite started-at="2025-02-08T21:33:51 IST" name="Default suite" finished-at="2025-02-08T21:35:46 IST" duration-ms="115261">
    <groups>
    </groups>
    <test started-at="2025-02-08T21:33:51 IST" name="Default test" finished-at="2025-02-08T21:35:46 IST" duration-ms="115261">
      <class name="api.test.GoogleMapsTests">
        <test-method is-config="true" signature="setupTestData()[pri:0, instance:api.test.GoogleMapsTests@295eaa7c]" started-at="2025-02-08T21:33:51 IST" name="setupTestData" finished-at="2025-02-08T21:33:51 IST" duration-ms="206" status="PASS">
          <reporter-output>
          </reporter-output>
        </test-method> <!-- setupTestData -->
        <test-method signature="testAddPlace()[pri:1, instance:api.test.GoogleMapsTests@295eaa7c]" started-at="2025-02-08T21:33:51 IST" name="testAddPlace" finished-at="2025-02-08T21:34:15 IST" duration-ms="23384" status="PASS">
          <reporter-output>
          </reporter-output>
        </test-method> <!-- testAddPlace -->
        <test-method signature="testGetPlace()[pri:2, instance:api.test.GoogleMapsTests@295eaa7c]" started-at="2025-02-08T21:34:15 IST" name="testGetPlace" finished-at="2025-02-08T21:34:37 IST" depends-on-methods="api.test.GoogleMapsTests.testAddPlace" duration-ms="22547" status="PASS">
          <reporter-output>
          </reporter-output>
        </test-method> <!-- testGetPlace -->
        <test-method signature="testUpdatePlace()[pri:3, instance:api.test.GoogleMapsTests@295eaa7c]" started-at="2025-02-08T21:34:37 IST" name="testUpdatePlace" finished-at="2025-02-08T21:35:23 IST" depends-on-methods="api.test.GoogleMapsTests.testGetPlace" duration-ms="45910" status="PASS">
          <reporter-output>
          </reporter-output>
        </test-method> <!-- testUpdatePlace -->
        <test-method signature="testDeletePlace()[pri:4, instance:api.test.GoogleMapsTests@295eaa7c]" started-at="2025-02-08T21:35:23 IST" name="testDeletePlace" finished-at="2025-02-08T21:35:46 IST" depends-on-methods="api.test.GoogleMapsTests.testUpdatePlace" duration-ms="23148" status="PASS">
          <reporter-output>
          </reporter-output>
        </test-method> <!-- testDeletePlace -->
      </class> <!-- api.test.GoogleMapsTests -->
    </test> <!-- Default test -->
  </suite> <!-- Default suite -->
</testng-results>
